#
# There is insufficient memory for the Java Runtime Environment to continue.
# Native memory allocation (malloc) failed to allocate 284048 bytes for Chunk::new
# Possible reasons:
#   The system is out of physical RAM or swap space
#   The process is running with CompressedOops enabled, and the Java Heap may be blocking the growth of the native heap
# Possible solutions:
#   Reduce memory load on the system
#   Increase physical memory or swap space
#   Check if swap backing store is full
#   Decrease Java heap size (-Xmx/-Xms)
#   Decrease number of Java threads
#   Decrease Java thread stack sizes (-Xss)
#   Set larger code cache with -XX:ReservedCodeCacheSize=
#   JVM is running with Unscaled Compressed Oops mode in which the Java heap is
#     placed in the first 4GB address space. The Java Heap base address is the
#     maximum limit for the native heap growth. Please use -XX:HeapBaseMinAddress
#     to set the Java Heap base and to place the Java Heap above 4GB virtual address.
# This output file may be truncated or incomplete.
#
#  Out of Memory Error (allocation.cpp:389), pid=9328, tid=0x00000000000014f4
#
# JRE version: OpenJDK Runtime Environment (8.0_242-b01) (build 1.8.0_242-release-1644-b01)
# Java VM: OpenJDK 64-Bit Server VM (25.242-b01 mixed mode windows-amd64 compressed oops)
# Failed to write core dump. Minidumps are not enabled by default on client versions of Windows
#

---------------  T H R E A D  ---------------

Current thread (0x000000001662b000):  JavaThread "C2 CompilerThread1" daemon [_thread_in_native, id=5364, stack(0x0000000017d80000,0x0000000017e80000)]

Stack: [0x0000000017d80000,0x0000000017e80000]
[error occurred during error reporting (printing stack bounds), id 0xc0000005]

Native frames: (J=compiled Java code, j=interpreted, Vv=VM code, C=native code)


Current CompileTask:
C2:10511602 25989 %     4       com.android.tools.r8.ir.optimize.n::a @ 24 (505 bytes)


---------------  P R O C E S S  ---------------

Java Threads: ( => current thread )
  0x000000001ca3b800 JavaThread "WorkerExecutor Queue Thread 4" [_thread_blocked, id=19040, stack(0x0000000027b10000,0x0000000027c10000)]
  0x000000001ca3e000 JavaThread "RMI TCP Connection(2)-127.0.0.1" daemon [_thread_in_native, id=5976, stack(0x0000000027a10000,0x0000000027b10000)]
  0x000000001ca38800 JavaThread "WorkerExecutor Queue Thread 3" [_thread_blocked, id=20000, stack(0x0000000027810000,0x0000000027910000)]
  0x000000001bab4800 JavaThread "Cache worker for Java compile cache (D:\Turtlemint\Github\New folder\QIS_Android\.gradle\5.4.1\javaCompile)" [_thread_blocked, id=15220, stack(0x0000000027710000,0x0000000027810000)]
  0x000000001baba000 JavaThread "stdout" [_thread_in_native, id=20308, stack(0x0000000027610000,0x0000000027710000)]
  0x000000001bab8800 JavaThread "stderr" [_thread_in_native, id=7144, stack(0x0000000027510000,0x0000000027610000)]
  0x000000001bab7000 JavaThread "pool-9-thread-1" [_thread_blocked, id=12164, stack(0x0000000027410000,0x0000000027510000)]
  0x000000001bab8000 JavaThread "WorkerExecutor Queue Thread 2" [_thread_blocked, id=15256, stack(0x0000000027310000,0x0000000027410000)]
  0x000000001baad000 JavaThread "WorkerExecutor Queue" [_thread_blocked, id=20108, stack(0x0000000026e10000,0x0000000026f10000)]
  0x000000001bab4000 JavaThread "Cache worker for execution history cache (D:\Turtlemint\Github\New folder\QIS_Android\.gradle\5.4.1\executionHistory)" [_thread_blocked, id=11036, stack(0x0000000026910000,0x0000000026a10000)]
  0x000000001baac800 JavaThread "Execution worker for ':' Thread 3" [_thread_in_Java, id=17512, stack(0x0000000026810000,0x0000000026910000)]
  0x000000001bab2800 JavaThread "Execution worker for ':' Thread 2" [_thread_in_Java, id=5164, stack(0x0000000026710000,0x0000000026810000)]
  0x000000001baae000 JavaThread "Execution worker for ':'" [_thread_in_Java, id=19820, stack(0x0000000025fb0000,0x00000000260b0000)]
  0x000000001baab800 JavaThread "Cache worker for file content cache (D:\Turtlemint\Github\New folder\QIS_Android\.gradle\5.4.1\fileContent)" [_thread_blocked, id=11904, stack(0x0000000025690000,0x0000000025790000)]
  0x000000001bab0000 JavaThread "Cache worker for Build Output Cleanup Cache (D:\Turtlemint\Github\New folder\QIS_Android\.gradle\buildOutputCleanup)" [_thread_blocked, id=16176, stack(0x00000000246e0000,0x00000000247e0000)]
  0x00000000205df800 JavaThread "Build operations Thread 4" [_thread_blocked, id=18840, stack(0x0000000024380000,0x0000000024480000)]
  0x00000000205de000 JavaThread "Build operations Thread 3" [_thread_blocked, id=19048, stack(0x0000000021b60000,0x0000000021c60000)]
  0x00000000205de800 JavaThread "Build operations Thread 2" [_thread_blocked, id=12284, stack(0x0000000020190000,0x0000000020290000)]
  0x00000000205d6800 JavaThread "Build operations" [_thread_blocked, id=2856, stack(0x000000001ec50000,0x000000001ed50000)]
  0x00000000205dd000 JavaThread "Cache worker for cache directory md-rule (C:\Users\kkpra\.gradle\caches\5.4.1\md-rule)" [_thread_blocked, id=1212, stack(0x000000001d770000,0x000000001d870000)]
  0x00000000205dc800 JavaThread "Cache worker for cache directory md-supplier (C:\Users\kkpra\.gradle\caches\5.4.1\md-supplier)" [_thread_blocked, id=14296, stack(0x000000001aed0000,0x000000001afd0000)]
  0x00000000205db000 JavaThread "Cache worker for file hash cache (D:\Turtlemint\Github\New folder\QIS_Android\.gradle\5.4.1\fileHashes)" [_thread_blocked, id=11952, stack(0x000000001add0000,0x000000001aed0000)]
  0x00000000205da000 JavaThread "Thread-65" [_thread_blocked, id=17716, stack(0x000000001acd0000,0x000000001add0000)]
  0x00000000205d5000 JavaThread "Stdin handler" [_thread_blocked, id=16896, stack(0x000000001abd0000,0x000000001acd0000)]
  0x00000000205d2000 JavaThread "Asynchronous log dispatcher for DefaultDaemonConnection: socket connection from /127.0.0.1:64451 to /127.0.0.1:52277" [_thread_blocked, id=14472, stack(0x000000001a7d0000,0x000000001a8d0000)]
  0x00000000205d3800 JavaThread "Daemon worker Thread 3" [_thread_in_Java, id=18652, stack(0x000000001a6d0000,0x000000001a7d0000)]
  0x00000000205d8800 JavaThread "Cancel handler" [_thread_blocked, id=18444, stack(0x00000000010e0000,0x00000000011e0000)]
  0x00000000205d1000 JavaThread "Handler for socket connection from /127.0.0.1:64451 to /127.0.0.1:52277" [_thread_in_native, id=17560, stack(0x0000000000fe0000,0x00000000010e0000)]
  0x00000000205d5800 JavaThread "Daemon Thread 3" [_thread_blocked, id=19088, stack(0x0000000000dd0000,0x0000000000ed0000)]
  0x00000000205d0800 JavaThread "RMI Reaper" [_thread_blocked, id=7164, stack(0x000000002ae30000,0x000000002af30000)]
  0x00000000205d4000 JavaThread "RMI TCP Accept-0" daemon [_thread_in_native, id=19376, stack(0x000000002ad30000,0x000000002ae30000)]
  0x00000000205d7000 JavaThread "GC Daemon" daemon [_thread_blocked, id=16504, stack(0x000000002ac30000,0x000000002ad30000)]
  0x000000001ca45800 JavaThread "RMI Scheduler(0)" daemon [_thread_blocked, id=4068, stack(0x000000001aad0000,0x000000001abd0000)]
  0x000000001ca44000 JavaThread "Cache worker for Java compile cache (C:\Users\kkpra\.gradle\caches\5.4.1\javaCompile)" [_thread_blocked, id=19928, stack(0x0000000026a10000,0x0000000026b10000)]
  0x000000001ef67000 JavaThread "MarlinRenderer Disposer" daemon [_thread_blocked, id=16052, stack(0x0000000027010000,0x0000000027110000)]
  0x000000001ef70800 JavaThread "Java2D Disposer" daemon [_thread_blocked, id=19984, stack(0x0000000026f10000,0x0000000027010000)]
  0x000000001ef66000 JavaThread "Cache worker for file content cache (C:\Users\kkpra\.gradle\caches\5.4.1\fileContent)" [_thread_blocked, id=2480, stack(0x0000000022360000,0x0000000022460000)]
  0x000000001bab5800 JavaThread "Memory manager" [_thread_blocked, id=3124, stack(0x0000000024080000,0x0000000024180000)]
  0x000000001baab000 JavaThread "Cache worker for execution history cache (C:\Users\kkpra\.gradle\caches\5.4.1\executionHistory)" [_thread_blocked, id=16364, stack(0x0000000020290000,0x0000000020390000)]
  0x0000000018d95800 JavaThread "Cache worker for journal cache (C:\Users\kkpra\.gradle\caches\journal-1)" [_thread_blocked, id=16280, stack(0x000000001b1d0000,0x000000001b2d0000)]
  0x0000000018d93000 JavaThread "File lock request listener" [_thread_in_native, id=7336, stack(0x000000001b0d0000,0x000000001b1d0000)]
  0x0000000019711800 JavaThread "Cache worker for file hash cache (C:\Users\kkpra\.gradle\caches\5.4.1\fileHashes)" [_thread_blocked, id=2420, stack(0x000000001afd0000,0x000000001b0d0000)]
  0x0000000018641800 JavaThread "Daemon periodic checks" [_thread_blocked, id=10196, stack(0x000000001a5d0000,0x000000001a6d0000)]
  0x0000000018054000 JavaThread "Incoming local TCP Connector on port 64451" [_thread_in_native, id=18372, stack(0x000000001a390000,0x000000001a490000)]
  0x0000000019495000 JavaThread "Daemon health stats" [_thread_blocked, id=2516, stack(0x0000000019d50000,0x0000000019e50000)]
  0x0000000017fb8800 JavaThread "Service Thread" daemon [_thread_blocked, id=8480, stack(0x0000000018380000,0x0000000018480000)]
  0x0000000016632800 JavaThread "C1 CompilerThread2" daemon [_thread_in_vm, id=6896, stack(0x0000000017e80000,0x0000000017f80000)]
=>0x000000001662b000 JavaThread "C2 CompilerThread1" daemon [_thread_in_native, id=5364, stack(0x0000000017d80000,0x0000000017e80000)]
  0x0000000016627800 JavaThread "C2 CompilerThread0" daemon [_thread_in_native, id=4548, stack(0x0000000017c80000,0x0000000017d80000)]
  0x0000000016624800 JavaThread "Attach Listener" daemon [_thread_blocked, id=2096, stack(0x0000000017b80000,0x0000000017c80000)]
  0x0000000016623800 JavaThread "Signal Dispatcher" daemon [_thread_blocked, id=2940, stack(0x0000000017a80000,0x0000000017b80000)]
  0x0000000002caa800 JavaThread "Finalizer" daemon [_thread_blocked, id=1176, stack(0x0000000017880000,0x0000000017980000)]
  0x0000000002ca2000 JavaThread "Reference Handler" daemon [_thread_blocked, id=5472, stack(0x0000000017780000,0x0000000017880000)]
  0x0000000002bb2800 JavaThread "main" [_thread_blocked, id=11748, stack(0x0000000002a60000,0x0000000002b60000)]

Other Threads:
  0x00000000165e6000 VMThread [stack: 0x0000000017680000,0x0000000017780000] [id=16068]
  0x0000000017fb9000 WatcherThread [stack: 0x0000000018480000,0x0000000018580000] [id=10960]

VM state:not at safepoint (normal execution)

VM Mutex/Monitor currently owned by a thread: None

OutOfMemory and StackOverflow Exception counts:
OutOfMemoryError java_heap_errors=2

heap address: 0x00000000a0000000, size: 1536 MB, Compressed Oops mode: 32-bit
Narrow klass base: 0x0000000000000000, Narrow klass shift: 3
Compressed class space size: 1073741824 Address: 0x0000000100000000

Heap:
 PSYoungGen      total 458752K, used 294585K [0x00000000e0000000, 0x0000000100000000, 0x0000000100000000)
  eden space 398336K, 63% used [0x00000000e0000000,0x00000000ef85c208,0x00000000f8500000)
  from space 60416K, 66% used [0x00000000f8500000,0x00000000fac523b0,0x00000000fc000000)
  to   space 61952K, 0% used [0x00000000fc380000,0x00000000fc380000,0x0000000100000000)
 ParOldGen       total 183808K, used 116157K [0x00000000a0000000, 0x00000000ab380000, 0x00000000e0000000)
  object space 183808K, 63% used [0x00000000a0000000,0x00000000a716f7f0,0x00000000ab380000)
 Metaspace       used 115814K, capacity 120736K, committed 120960K, reserved 1155072K
  class space    used 14591K, capacity 15602K, committed 15744K, reserved 1048576K

Card table byte_map: [0x0000000012070000,0x0000000012380000] byte_map_base: 0x0000000011b70000

Marking Bits: (ParMarkBitMap*) 0x0000000070fdf030
 Begin Bits: [0x0000000012980000, 0x0000000014180000)
 End Bits:   [0x0000000014180000, 0x0000000015980000)

Polling page: 0x0000000002a00000

CodeCache: size=245760Kb used=73295Kb max_used=73295Kb free=172464Kb
 bounds [0x0000000002cb0000, 0x00000000074b0000, 0x0000000011cb0000]
 total_blobs=22190 nmethods=21118 adapters=984
 compilation: enabled

Compilation events (10 events):
Event: 10511.450 Thread 0x000000001662b000 25989 %     4       com.android.tools.r8.ir.optimize.n::a @ 24 (505 bytes)
Event: 10511.465 Thread 0x0000000016632800 26215       2       com.android.tools.r8.ir.code.j::a (8 bytes)
Event: 10511.465 Thread 0x0000000016632800 nmethod 26215 0x0000000003a286d0 code [0x0000000003a28840, 0x0000000003a289f8]
Event: 10511.514 Thread 0x0000000016632800 26218       2       com.android.tools.r8.ir.conversion.U::a (220 bytes)
Event: 10511.515 Thread 0x0000000016627800 nmethod 26165 0x0000000007495250 code [0x0000000007495880, 0x000000000749a648]
Event: 10511.515 Thread 0x0000000016627800 25999       4       com.android.tools.r8.ir.optimize.CodeRewriter::f (1556 bytes)
Event: 10511.515 Thread 0x0000000016632800 nmethod 26218 0x0000000007481490 code [0x00000000074816e0, 0x0000000007481ce8]
Event: 10511.552 Thread 0x0000000016632800 26220       2       java.nio.charset.CharsetEncoder::flush (49 bytes)
Event: 10511.552 Thread 0x0000000016632800 nmethod 26220 0x000000000524f910 code [0x000000000524fa80, 0x000000000524fc68]
Event: 10511.564 Thread 0x0000000016632800 26222       2       com.google.common.collect.Iterators::transform (15 bytes)

GC Heap History (10 events):
Event: 10291.032 GC heap before
{Heap before GC invocations=27 (full 4):
 PSYoungGen      total 369664K, used 356396K [0x00000000e0000000, 0x00000000f9600000, 0x0000000100000000)
  eden space 342016K, 100% used [0x00000000e0000000,0x00000000f4e00000,0x00000000f4e00000)
  from space 27648K, 52% used [0x00000000f7b00000,0x00000000f890b130,0x00000000f9600000)
  to   space 36864K, 0% used [0x00000000f4e00000,0x00000000f4e00000,0x00000000f7200000)
 ParOldGen       total 183808K, used 59812K [0x00000000a0000000, 0x00000000ab380000, 0x00000000e0000000)
  object space 183808K, 32% used [0x00000000a0000000,0x00000000a3a69268,0x00000000ab380000)
 Metaspace       used 112048K, capacity 116208K, committed 116480K, reserved 1150976K
  class space    used 14097K, capacity 14954K, committed 15104K, reserved 1048576K
Event: 10291.088 GC heap after
Heap after GC invocations=27 (full 4):
 PSYoungGen      total 378880K, used 36848K [0x00000000e0000000, 0x00000000fe500000, 0x0000000100000000)
  eden space 342016K, 0% used [0x00000000e0000000,0x00000000e0000000,0x00000000f4e00000)
  from space 36864K, 99% used [0x00000000f4e00000,0x00000000f71fc330,0x00000000f7200000)
  to   space 44544K, 0% used [0x00000000fb980000,0x00000000fb980000,0x00000000fe500000)
 ParOldGen       total 183808K, used 65687K [0x00000000a0000000, 0x00000000ab380000, 0x00000000e0000000)
  object space 183808K, 35% used [0x00000000a0000000,0x00000000a4025e40,0x00000000ab380000)
 Metaspace       used 112048K, capacity 116208K, committed 116480K, reserved 1150976K
  class space    used 14097K, capacity 14954K, committed 15104K, reserved 1048576K
}
Event: 10292.248 GC heap before
{Heap before GC invocations=28 (full 4):
 PSYoungGen      total 378880K, used 378864K [0x00000000e0000000, 0x00000000fe500000, 0x0000000100000000)
  eden space 342016K, 100% used [0x00000000e0000000,0x00000000f4e00000,0x00000000f4e00000)
  from space 36864K, 99% used [0x00000000f4e00000,0x00000000f71fc330,0x00000000f7200000)
  to   space 44544K, 0% used [0x00000000fb980000,0x00000000fb980000,0x00000000fe500000)
 ParOldGen       total 183808K, used 65687K [0x00000000a0000000, 0x00000000ab380000, 0x00000000e0000000)
  object space 183808K, 35% used [0x00000000a0000000,0x00000000a4025e40,0x00000000ab380000)
 Metaspace       used 112770K, capacity 117126K, committed 117376K, reserved 1150976K
  class space    used 14179K, capacity 15103K, committed 15232K, reserved 1048576K
Event: 10292.343 GC heap after
Heap after GC invocations=28 (full 4):
 PSYoungGen      total 432128K, used 44532K [0x00000000e0000000, 0x0000000100000000, 0x0000000100000000)
  eden space 387584K, 0% used [0x00000000e0000000,0x00000000e0000000,0x00000000f7a80000)
  from space 44544K, 99% used [0x00000000fb980000,0x00000000fe4fd2b0,0x00000000fe500000)
  to   space 64512K, 0% used [0x00000000f7a80000,0x00000000f7a80000,0x00000000fb980000)
 ParOldGen       total 183808K, used 102323K [0x00000000a0000000, 0x00000000ab380000, 0x00000000e0000000)
  object space 183808K, 55% used [0x00000000a0000000,0x00000000a63ecd38,0x00000000ab380000)
 Metaspace       used 112770K, capacity 117126K, committed 117376K, reserved 1150976K
  class space    used 14179K, capacity 15103K, committed 15232K, reserved 1048576K
}
Event: 10294.791 GC heap before
{Heap before GC invocations=29 (full 4):
 PSYoungGen      total 432128K, used 432116K [0x00000000e0000000, 0x0000000100000000, 0x0000000100000000)
  eden space 387584K, 100% used [0x00000000e0000000,0x00000000f7a80000,0x00000000f7a80000)
  from space 44544K, 99% used [0x00000000fb980000,0x00000000fe4fd2b0,0x00000000fe500000)
  to   space 64512K, 0% used [0x00000000f7a80000,0x00000000f7a80000,0x00000000fb980000)
 ParOldGen       total 183808K, used 102323K [0x00000000a0000000, 0x00000000ab380000, 0x00000000e0000000)
  object space 183808K, 55% used [0x00000000a0000000,0x00000000a63ecd38,0x00000000ab380000)
 Metaspace       used 112963K, capacity 117336K, committed 117632K, reserved 1150976K
  class space    used 14206K, capacity 15122K, committed 15232K, reserved 1048576K
Event: 10294.845 GC heap after
Heap after GC invocations=29 (full 4):
 PSYoungGen      total 452096K, used 23236K [0x00000000e0000000, 0x0000000100000000, 0x0000000100000000)
  eden space 387584K, 0% used [0x00000000e0000000,0x00000000e0000000,0x00000000f7a80000)
  from space 64512K, 36% used [0x00000000f7a80000,0x00000000f91311d0,0x00000000fb980000)
  to   space 61440K, 0% used [0x00000000fc400000,0x00000000fc400000,0x0000000100000000)
 ParOldGen       total 183808K, used 106715K [0x00000000a0000000, 0x00000000ab380000, 0x00000000e0000000)
  object space 183808K, 58% used [0x00000000a0000000,0x00000000a6836de0,0x00000000ab380000)
 Metaspace       used 112963K, capacity 117336K, committed 117632K, reserved 1150976K
  class space    used 14206K, capacity 15122K, committed 15232K, reserved 1048576K
}
Event: 10504.579 GC heap before
{Heap before GC invocations=30 (full 4):
 PSYoungGen      total 452096K, used 410820K [0x00000000e0000000, 0x0000000100000000, 0x0000000100000000)
  eden space 387584K, 100% used [0x00000000e0000000,0x00000000f7a80000,0x00000000f7a80000)
  from space 64512K, 36% used [0x00000000f7a80000,0x00000000f91311d0,0x00000000fb980000)
  to   space 61440K, 0% used [0x00000000fc400000,0x00000000fc400000,0x0000000100000000)
 ParOldGen       total 183808K, used 106715K [0x00000000a0000000, 0x00000000ab380000, 0x00000000e0000000)
  object space 183808K, 58% used [0x00000000a0000000,0x00000000a6836de0,0x00000000ab380000)
 Metaspace       used 115480K, capacity 120300K, committed 120704K, reserved 1155072K
  class space    used 14578K, capacity 15588K, committed 15744K, reserved 1048576K
Event: 10504.616 GC heap after
Heap after GC invocations=30 (full 4):
 PSYoungGen      total 454656K, used 32839K [0x00000000e0000000, 0x00000000ffb00000, 0x0000000100000000)
  eden space 398336K, 0% used [0x00000000e0000000,0x00000000e0000000,0x00000000f8500000)
  from space 56320K, 58% used [0x00000000fc400000,0x00000000fe411e40,0x00000000ffb00000)
  to   space 60416K, 0% used [0x00000000f8500000,0x00000000f8500000,0x00000000fc000000)
 ParOldGen       total 183808K, used 109963K [0x00000000a0000000, 0x00000000ab380000, 0x00000000e0000000)
  object space 183808K, 59% used [0x00000000a0000000,0x00000000a6b62e50,0x00000000ab380000)
 Metaspace       used 115480K, capacity 120300K, committed 120704K, reserved 1155072K
  class space    used 14578K, capacity 15588K, committed 15744K, reserved 1048576K
}
Event: 10510.953 GC heap before
{Heap before GC invocations=31 (full 4):
 PSYoungGen      total 454656K, used 431175K [0x00000000e0000000, 0x00000000ffb00000, 0x0000000100000000)
  eden space 398336K, 100% used [0x00000000e0000000,0x00000000f8500000,0x00000000f8500000)
  from space 56320K, 58% used [0x00000000fc400000,0x00000000fe411e40,0x00000000ffb00000)
  to   space 60416K, 0% used [0x00000000f8500000,0x00000000f8500000,0x00000000fc000000)
 ParOldGen       total 183808K, used 109963K [0x00000000a0000000, 0x00000000ab380000, 0x00000000e0000000)
  object space 183808K, 59% used [0x00000000a0000000,0x00000000a6b62e50,0x00000000ab380000)
 Metaspace       used 115776K, capacity 120720K, committed 120960K, reserved 1155072K
  class space    used 14588K, capacity 15600K, committed 15744K, reserved 1048576K
Event: 10511.009 GC heap after
Heap after GC invocations=31 (full 4):
 PSYoungGen      total 458752K, used 40264K [0x00000000e0000000, 0x0000000100000000, 0x0000000100000000)
  eden space 398336K, 0% used [0x00000000e0000000,0x00000000e0000000,0x00000000f8500000)
  from space 60416K, 66% used [0x00000000f8500000,0x00000000fac523b0,0x00000000fc000000)
  to   space 61952K, 0% used [0x00000000fc380000,0x00000000fc380000,0x0000000100000000)
 ParOldGen       total 183808K, used 116157K [0x00000000a0000000, 0x00000000ab380000, 0x00000000e0000000)
  object space 183808K, 63% used [0x00000000a0000000,0x00000000a716f7f0,0x00000000ab380000)
 Metaspace       used 115776K, capacity 120720K, committed 120960K, reserved 1155072K
  class space    used 14588K, capacity 15600K, committed 15744K, reserved 1048576K
}

Deoptimization events (10 events):
Event: 10510.821 Thread 0x000000001baac800 Uncommon trap: reason=unstable_if action=reinterpret pc=0x00000000073e3b9c method=com.android.tools.r8.t.a.a.f.a(Lcom/android/tools/r8/t/a/a/u;Lcom/android/tools/r8/t/a/a/k;I)V @ 1732
Event: 10511.038 Thread 0x000000001baac800 Uncommon trap: reason=array_check action=maybe_recompile pc=0x0000000006ed45b4 method=java.util.TimSort.mergeHi(IIII)V @ 101
Event: 10511.038 Thread 0x000000001baac800 Uncommon trap: reason=array_check action=maybe_recompile pc=0x0000000006ed45b4 method=java.util.TimSort.mergeHi(IIII)V @ 101
Event: 10511.038 Thread 0x000000001baac800 Uncommon trap: reason=array_check action=maybe_recompile pc=0x0000000006ed45b4 method=java.util.TimSort.mergeHi(IIII)V @ 101
Event: 10511.065 Thread 0x00000000205d3800 Uncommon trap: reason=array_check action=maybe_recompile pc=0x00000000071c395c method=java.util.TimSort.mergeLo(IIII)V @ 375
Event: 10511.065 Thread 0x00000000205d3800 Uncommon trap: reason=array_check action=maybe_recompile pc=0x00000000071c395c method=java.util.TimSort.mergeLo(IIII)V @ 375
Event: 10511.073 Thread 0x000000001bab2800 Uncommon trap: reason=unstable_if action=reinterpret pc=0x00000000073b1e3c method=com.android.tools.r8.ir.conversion.N.traceInstruction(ILcom/android/tools/r8/ir/conversion/IRBuilder;)I @ 193
Event: 10511.152 Thread 0x000000001baae000 Uncommon trap: reason=class_check action=maybe_recompile pc=0x000000000676f2a0 method=com.android.tools.r8.ir.conversion.U.a(Lcom/android/tools/r8/ir/conversion/T;)Z @ 4
Event: 10511.253 Thread 0x000000001bab2800 Uncommon trap: reason=unstable_if action=reinterpret pc=0x0000000006f7e22c method=com.android.tools.r8.ir.conversion.N.traceInstruction(ILcom/android/tools/r8/ir/conversion/IRBuilder;)I @ 193
Event: 10511.508 Thread 0x000000001bab2800 Uncommon trap: reason=class_check action=maybe_recompile pc=0x000000000676f2a0 method=com.android.tools.r8.ir.conversion.U.a(Lcom/android/tools/r8/ir/conversion/T;)Z @ 4

Classes redefined (0 events):
No events

Internal exceptions (10 events):
Event: 10510.059 Thread 0x00000000205d3800 Exception <a 'sun/nio/fs/WindowsException'> (0x00000000e779a230) thrown at [C:\src\AOSP-openjdk-git\hotspot\src\share\vm\prims\jni.cpp, line 710]
Event: 10510.146 Thread 0x00000000205d3800 Implicit null exception at 0x0000000005ca7baf to 0x0000000005ca89a1
Event: 10510.162 Thread 0x00000000205d3800 Implicit null exception at 0x0000000004d90fef to 0x0000000004d91b85
Event: 10510.368 Thread 0x000000001bab2800 Exception <a 'sun/nio/fs/WindowsException'> (0x00000000eca3bc40) thrown at [C:\src\AOSP-openjdk-git\hotspot\src\share\vm\prims\jni.cpp, line 710]
Event: 10510.590 Thread 0x000000001baac800 Exception <a 'sun/nio/fs/WindowsException'> (0x00000000f1456618) thrown at [C:\src\AOSP-openjdk-git\hotspot\src\share\vm\prims\jni.cpp, line 710]
Event: 10510.697 Thread 0x000000001baac800 Implicit null exception at 0x0000000006eab50b to 0x0000000006eae5a5
Event: 10511.049 Thread 0x000000001baac800 Exception <a 'sun/nio/fs/WindowsException'> (0x00000000e1cc3218) thrown at [C:\src\AOSP-openjdk-git\hotspot\src\share\vm\prims\jni.cpp, line 710]
Event: 10511.095 Thread 0x00000000205d3800 Exception <a 'sun/nio/fs/WindowsException'> (0x00000000e3470e78) thrown at [C:\src\AOSP-openjdk-git\hotspot\src\share\vm\prims\jni.cpp, line 710]
Event: 10511.399 Thread 0x000000001baac800 Exception <a 'sun/nio/fs/WindowsException'> (0x00000000ea1a7918) thrown at [C:\src\AOSP-openjdk-git\hotspot\src\share\vm\prims\jni.cpp, line 710]
Event: 10511.403 Thread 0x000000001baac800 Exception <a 'sun/nio/fs/WindowsException'> (0x00000000ea354b50) thrown at [C:\src\AOSP-openjdk-git\hotspot\src\share\vm\prims\jni.cpp, line 710]

Events (10 events):
Event: 10511.508 Thread 0x000000001bab2800 DEOPT PACKING pc=0x000000000676f2a0 sp=0x000000002680af40
Event: 10511.508 Thread 0x000000001bab2800 DEOPT UNPACKING pc=0x0000000002cf557b sp=0x000000002680af28 mode 2
Event: 10511.516 Thread 0x000000001baae000 DEOPT PACKING pc=0x0000000006786bae sp=0x00000000260aaba0
Event: 10511.516 Thread 0x000000001baae000 DEOPT UNPACKING pc=0x0000000002cf75d0 sp=0x00000000260aabb0 mode 0
Event: 10511.533 Thread 0x000000001baae000 DEOPT PACKING pc=0x0000000006920259 sp=0x00000000260aad10
Event: 10511.533 Thread 0x000000001baae000 DEOPT UNPACKING pc=0x0000000002cf75d0 sp=0x00000000260aabc8 mode 0
Event: 10511.539 Thread 0x000000001baae000 DEOPT PACKING pc=0x00000000068dc43a sp=0x00000000260aae60
Event: 10511.539 Thread 0x000000001baae000 DEOPT UNPACKING pc=0x0000000002cf75d0 sp=0x00000000260aab78 mode 0
Event: 10511.547 Thread 0x000000001baae000 DEOPT PACKING pc=0x00000000066c6a71 sp=0x00000000260ab0c0
Event: 10511.547 Thread 0x000000001baae000 DEOPT UNPACKING pc=0x0000000002cf75d0 sp=0x00000000260aade8 mode 0


Dynamic libraries:
0x00007ff741f70000 - 0x00007ff741fa1000 	D:\Android\Android Studio\jre\bin\java.exe
0x00007ffde98d0000 - 0x00007ffde9ac6000 	C:\WINDOWS\SYSTEM32\ntdll.dll
0x00007ffde88e0000 - 0x00007ffde899d000 	C:\WINDOWS\System32\KERNEL32.DLL
0x00007ffde7500000 - 0x00007ffde77c8000 	C:\WINDOWS\System32\KERNELBASE.dll
0x00007ffde8380000 - 0x00007ffde842c000 	C:\WINDOWS\System32\ADVAPI32.dll
0x00007ffde7e50000 - 0x00007ffde7eee000 	C:\WINDOWS\System32\msvcrt.dll
0x00007ffde86a0000 - 0x00007ffde873b000 	C:\WINDOWS\System32\sechost.dll
0x00007ffde9520000 - 0x00007ffde9644000 	C:\WINDOWS\System32\RPCRT4.dll
0x00007ffde84f0000 - 0x00007ffde8690000 	C:\WINDOWS\System32\USER32.dll
0x00007ffde73d0000 - 0x00007ffde73f2000 	C:\WINDOWS\System32\win32u.dll
0x00007ffde93e0000 - 0x00007ffde940a000 	C:\WINDOWS\System32\GDI32.dll
0x00007ffde7140000 - 0x00007ffde7249000 	C:\WINDOWS\System32\gdi32full.dll
0x00007ffde7280000 - 0x00007ffde731d000 	C:\WINDOWS\System32\msvcp_win.dll
0x00007ffde7400000 - 0x00007ffde7500000 	C:\WINDOWS\System32\ucrtbase.dll
0x00007ffdd6cd0000 - 0x00007ffdd6f6b000 	C:\WINDOWS\WinSxS\amd64_microsoft.windows.common-controls_6595b64144ccf1df_6.0.19041.488_none_ca04af081b815d21\COMCTL32.dll
0x00007ffde96b0000 - 0x00007ffde96e0000 	C:\WINDOWS\System32\IMM32.DLL
0x000000006ffb0000 - 0x0000000070082000 	D:\Android\Android Studio\jre\jre\bin\msvcr100.dll
0x0000000070810000 - 0x000000007105b000 	D:\Android\Android Studio\jre\jre\bin\server\jvm.dll
0x00007ffde8430000 - 0x00007ffde8438000 	C:\WINDOWS\System32\PSAPI.DLL
0x00007ffddaa60000 - 0x00007ffddaa87000 	C:\WINDOWS\SYSTEM32\WINMM.dll
0x00007ffde10b0000 - 0x00007ffde10ba000 	C:\WINDOWS\SYSTEM32\VERSION.dll
0x00007ffdd7be0000 - 0x00007ffdd7be9000 	C:\WINDOWS\SYSTEM32\WSOCK32.dll
0x00007ffde9490000 - 0x00007ffde94fb000 	C:\WINDOWS\System32\WS2_32.dll
0x00007ffdcecb0000 - 0x00007ffdcecbf000 	D:\Android\Android Studio\jre\jre\bin\verify.dll
0x00007ffdc12e0000 - 0x00007ffdc1309000 	D:\Android\Android Studio\jre\jre\bin\java.dll
0x00007ffdcc2a0000 - 0x00007ffdcc2b6000 	D:\Android\Android Studio\jre\jre\bin\zip.dll
0x00007ffde8c90000 - 0x00007ffde93d1000 	C:\WINDOWS\System32\SHELL32.dll
0x00007ffde5160000 - 0x00007ffde58f5000 	C:\WINDOWS\SYSTEM32\windows.storage.dll
0x00007ffde7fc0000 - 0x00007ffde8315000 	C:\WINDOWS\System32\combase.dll
0x00007ffde6a80000 - 0x00007ffde6aac000 	C:\WINDOWS\SYSTEM32\Wldp.dll
0x00007ffde8440000 - 0x00007ffde84ee000 	C:\WINDOWS\System32\SHCORE.dll
0x00007ffde87a0000 - 0x00007ffde87f5000 	C:\WINDOWS\System32\shlwapi.dll
0x00007ffde6f40000 - 0x00007ffde6f66000 	C:\WINDOWS\SYSTEM32\profapi.dll
0x00007ffdc12c0000 - 0x00007ffdc12da000 	D:\Android\Android Studio\jre\jre\bin\net.dll
0x00007ffde6800000 - 0x00007ffde686a000 	C:\WINDOWS\system32\mswsock.dll
0x00007ffdc12a0000 - 0x00007ffdc12b3000 	D:\Android\Android Studio\jre\jre\bin\nio.dll
0x00007ffdd42a0000 - 0x00007ffdd42c6000 	C:\Users\kkpra\.gradle\native\29\windows-amd64\native-platform.dll
0x00007ffdcc560000 - 0x00007ffdcc56d000 	D:\Android\Android Studio\jre\jre\bin\management.dll
0x00007ffde69d0000 - 0x00007ffde69e8000 	C:\WINDOWS\SYSTEM32\CRYPTSP.dll
0x00007ffde6120000 - 0x00007ffde6154000 	C:\WINDOWS\system32\rsaenh.dll
0x00007ffde7250000 - 0x00007ffde7277000 	C:\WINDOWS\System32\bcrypt.dll
0x00007ffde6ec0000 - 0x00007ffde6eee000 	C:\WINDOWS\SYSTEM32\USERENV.dll
0x00007ffde7070000 - 0x00007ffde70ef000 	C:\WINDOWS\System32\bcryptprimitives.dll
0x00007ffde69f0000 - 0x00007ffde69fc000 	C:\WINDOWS\SYSTEM32\CRYPTBASE.dll
0x00007ffde64a0000 - 0x00007ffde64db000 	C:\WINDOWS\SYSTEM32\IPHLPAPI.DLL
0x00007ffde8c80000 - 0x00007ffde8c88000 	C:\WINDOWS\System32\NSI.dll
0x00007ffde1210000 - 0x00007ffde1227000 	C:\WINDOWS\SYSTEM32\dhcpcsvc6.DLL
0x00007ffde11a0000 - 0x00007ffde11bd000 	C:\WINDOWS\SYSTEM32\dhcpcsvc.DLL
0x00007ffde64e0000 - 0x00007ffde65ab000 	C:\WINDOWS\SYSTEM32\DNSAPI.dll
0x00007ffdd0680000 - 0x00007ffdd06a4000 	D:\Android\Android Studio\jre\jre\bin\sunec.dll
0x00007ffddeb40000 - 0x00007ffddeb4a000 	C:\Windows\System32\rasadhlp.dll
0x00007ffddea60000 - 0x00007ffddeadf000 	C:\WINDOWS\System32\fwpuclnt.dll
0x00007ffdd0670000 - 0x00007ffdd067b000 	D:\Android\Android Studio\jre\jre\bin\sunmscapi.dll
0x00007ffde77d0000 - 0x00007ffde792d000 	C:\WINDOWS\System32\CRYPT32.dll
0x00007ffd9c8d0000 - 0x00007ffd9ca6c000 	D:\Android\Android Studio\jre\jre\bin\awt.dll
0x00007ffde7ef0000 - 0x00007ffde7fbd000 	C:\WINDOWS\System32\OLEAUT32.dll
0x00007ffde4d80000 - 0x00007ffde4daf000 	C:\WINDOWS\SYSTEM32\dwmapi.dll
0x00007ffde3480000 - 0x00007ffde3a40000 	C:\WINDOWS\SYSTEM32\d2d1.dll
0x00007ffde49d0000 - 0x00007ffde4a60000 	C:\WINDOWS\SYSTEM32\apphelp.dll
0x00007ffde4aa0000 - 0x00007ffde4b3e000 	C:\WINDOWS\system32\uxtheme.dll
0x00007ffddb3d0000 - 0x00007ffddb3ee000 	C:\Users\kkpra\AppData\Local\Temp\native-platform1021530779502369760dir\native-platform.dll

VM Arguments:
jvm_args: -Xmx1536m -Dfile.encoding=windows-1252 -Duser.country=IN -Duser.language=en -Duser.variant 
java_command: org.gradle.launcher.daemon.bootstrap.GradleDaemon 5.4.1
java_class_path (initial): C:\Users\kkpra\.gradle\wrapper\dists\gradle-5.4.1-all\3221gyojl5jsh0helicew7rwx\gradle-5.4.1\lib\gradle-launcher-5.4.1.jar
Launcher Type: SUN_STANDARD

Environment Variables:
PATH=C:\Python38\Scripts\;C:\Python38\;C:\Python37\Scripts\;C:\Python37\;C:\Users\kkpra\AppData\Local\Programs\Python\Python37-32\Scripts\;C:\Users\kkpra\AppData\Local\Programs\Python\Python37-32\;C:\Python3\Scripts\;C:\Python3\;C:\Program Files (x86)\Common Files\Oracle\Java\javapath;C:\Program Files (x86)\Common Files\Intel\Shared Libraries\redist\intel64\compiler;C:\Program Files (x86)\Intel\iCLS Client\;C:\Program Files\Intel\iCLS Client\;C:\Windows\system32;C:\Windows;C:\Windows\System32\Wbem;C:\Windows\System32\WindowsPowerShell\v1.0\;C:\Program Files (x86)\Intel\Intel(R) Management Engine Components\DAL;C:\Program Files\Intel\Intel(R) Management Engine Components\DAL;C:\Program Files (x86)\Intel\Intel(R) Management Engine Components\IPT;C:\Program Files\Intel\Intel(R) Management Engine Components\IPT;C:\Program Files (x86)\NVIDIA Corporation\PhysX\Common;C:\WINDOWS\system32;C:\WINDOWS;C:\WINDOWS\System32\Wbem;C:\WINDOWS\System32\WindowsPowerShell\v1.0\;C:\Program Files (x86)\GtkSharp\2.12\bin;C:\ProgramData\Oracle\Java\javapath;D:\Program Files\Java\jdk-9.0.1\bin;C:\Users\kkpra\AppData\Local\Microsoft\WindowsApps;C:\adb;E:\MATLAB\R2015b\runtime\win64;E:\MATLAB\R2015b\bin;E:\MATLAB\R2015b\polyspace\bin;C:\Users\kkpra\Downloads\Programs\opencv\build\x64\vc15\bin;C:\Program Files\PuTTY\;C:\WINDOWS\System32\OpenSSH\;D:\Git\cmd;C:\Program Files\NVIDIA Corporation\NVIDIA NvDLISR;C:\WINDOWS\system32;C:\WINDOWS;C:\WINDOWS\System32\Wbem;C:\WINDOWS\System32\WindowsPowerShell\v1.0\;C:\WINDOWS\System32\OpenSSH\;D:\Program Files (x86)\Dev-Cpp\MinGW64\bin;C:\ProgramData\chocolatey\bin;D:\AOMEI Backupper;C:\Users\kkpra\AppData\Roaming\Python\Python37\Scripts;D:\Program Files\nodejs\;D:\Microsoft VS Code\bin;C:\Program Files\heroku\bin;C:\Users\kkpra\AppData\Roaming\npm;C:\tools\dart-sdk\bin;C:\Users\kkpra\AppData\Roaming\Pub\Cache\bin;C:\Users\kkpra\AppData\Local\Microsoft\WindowsApps;C:\Users\kkpra\AppData\Local\GitHubDesktop\bin
USERNAME=The Predator
OS=Windows_NT
PROCESSOR_IDENTIFIER=Intel64 Family 6 Model 158 Stepping 9, GenuineIntel



---------------  S Y S T E M  ---------------

OS: Windows 10.0 , 64 bit Build 19041 (10.0.19041.546)

CPU:total 4 (initial active 4) (4 cores per cpu, 1 threads per core) family 6 model 158 stepping 9, cmov, cx8, fxsr, mmx, sse, sse2, sse3, ssse3, sse4.1, sse4.2, popcnt, avx, avx2, aes, clmul, erms, 3dnowpref, lzcnt, tsc, tscinvbit, bmi1, bmi2, adx

Memory: 4k page, physical 8269412k(989188k free), swap 14592180k(31304k free)

vm_info: OpenJDK 64-Bit Server VM (25.242-b01) for windows-amd64 JRE (1.8.0_242-release-1644-b01), built by "builder" with MS VC++ 10.0 (VS2010)

time: Thu Dec 10 22:50:57 2020
timezone: India Standard Time
elapsed time: 10511 seconds (0d 2h 55m 11s)

